1733938298.795558 client started (19884): version 3.5a, socket /private/tmp/tmux-501/default, protocol 8
1733938298.795602 on Darwin 24.1.0 Darwin Kernel Version 24.1.0: Thu Oct 10 21:02:27 PDT 2024; root:xnu-11215.41.3~2/RELEASE_X86_64
1733938298.795625 using libevent 2.1.12-stable select
1733938298.796079 using utf8proc 2.9.0
1733938298.796106 using ncurses 6.5 20240427
1733938298.796142 flags are 0x18010000
1733938298.796152 socket is /private/tmp/tmux-501/default
1733938298.796166 trying connect
1733938298.796250 add peer 0x7fc178830000: 6 (0x0)
1733938298.798591 sending message 111 to peer 0x7fc178830000 (8 bytes)
1733938298.798624 sending message 111 to peer 0x7fc178830000 (8 bytes)
1733938298.798635 sending message 101 to peer 0x7fc178830000 (15 bytes)
1733938298.798643 sending message 109 to peer 0x7fc178830000 (4 bytes)
1733938298.798652 sending message 102 to peer 0x7fc178830000 (13 bytes)
1733938298.798660 sending message 108 to peer 0x7fc178830000 (18 bytes)
1733938298.798668 sending message 112 to peer 0x7fc178830000 (58 bytes)
1733938298.798676 sending message 112 to peer 0x7fc178830000 (5 bytes)
1733938298.798684 sending message 112 to peer 0x7fc178830000 (5 bytes)
1733938298.798692 sending message 112 to peer 0x7fc178830000 (6 bytes)
1733938298.798700 sending message 112 to peer 0x7fc178830000 (6 bytes)
1733938298.798708 sending message 112 to peer 0x7fc178830000 (11 bytes)
1733938298.798716 sending message 112 to peer 0x7fc178830000 (10 bytes)
1733938298.798723 sending message 112 to peer 0x7fc178830000 (13 bytes)
1733938298.798731 sending message 112 to peer 0x7fc178830000 (14 bytes)
1733938298.798739 sending message 112 to peer 0x7fc178830000 (19 bytes)
1733938298.798747 sending message 112 to peer 0x7fc178830000 (11 bytes)
1733938298.798755 sending message 112 to peer 0x7fc178830000 (10 bytes)
1733938298.798762 sending message 112 to peer 0x7fc178830000 (15 bytes)
1733938298.798771 sending message 112 to peer 0x7fc178830000 (21 bytes)
1733938298.798779 sending message 112 to peer 0x7fc178830000 (13 bytes)
1733938298.798787 sending message 112 to peer 0x7fc178830000 (7 bytes)
1733938298.798794 sending message 112 to peer 0x7fc178830000 (13 bytes)
1733938298.798802 sending message 112 to peer 0x7fc178830000 (7 bytes)
1733938298.798810 sending message 112 to peer 0x7fc178830000 (13 bytes)
1733938298.798818 sending message 112 to peer 0x7fc178830000 (9 bytes)
1733938298.798826 sending message 112 to peer 0x7fc178830000 (21 bytes)
1733938298.798833 sending message 112 to peer 0x7fc178830000 (13 bytes)
1733938298.798841 sending message 112 to peer 0x7fc178830000 (9 bytes)
1733938298.798849 sending message 112 to peer 0x7fc178830000 (16 bytes)
1733938298.798857 sending message 112 to peer 0x7fc178830000 (13 bytes)
1733938298.798865 sending message 112 to peer 0x7fc178830000 (9 bytes)
1733938298.798873 sending message 112 to peer 0x7fc178830000 (9 bytes)
1733938298.798881 sending message 112 to peer 0x7fc178830000 (12 bytes)
1733938298.798888 sending message 112 to peer 0x7fc178830000 (8 bytes)
1733938298.798896 sending message 112 to peer 0x7fc178830000 (8 bytes)
1733938298.798904 sending message 112 to peer 0x7fc178830000 (13 bytes)
1733938298.798912 sending message 112 to peer 0x7fc178830000 (7 bytes)
1733938298.798920 sending message 112 to peer 0x7fc178830000 (7 bytes)
1733938298.798928 sending message 112 to peer 0x7fc178830000 (9 bytes)
1733938298.798935 sending message 112 to peer 0x7fc178830000 (9 bytes)
1733938298.798947 sending message 112 to peer 0x7fc178830000 (15 bytes)
1733938298.798957 sending message 112 to peer 0x7fc178830000 (13 bytes)
1733938298.798966 sending message 112 to peer 0x7fc178830000 (12 bytes)
1733938298.798974 sending message 112 to peer 0x7fc178830000 (8 bytes)
1733938298.798982 sending message 112 to peer 0x7fc178830000 (14 bytes)
1733938298.798990 sending message 112 to peer 0x7fc178830000 (11 bytes)
1733938298.798998 sending message 112 to peer 0x7fc178830000 (9 bytes)
1733938298.799006 sending message 112 to peer 0x7fc178830000 (10 bytes)
1733938298.799017 sending message 112 to peer 0x7fc178830000 (10 bytes)
1733938298.799049 sending message 112 to peer 0x7fc178830000 (10 bytes)
1733938298.799056 sending message 112 to peer 0x7fc178830000 (10 bytes)
1733938298.799062 sending message 112 to peer 0x7fc178830000 (11 bytes)
1733938298.799070 sending message 112 to peer 0x7fc178830000 (12 bytes)
1733938298.799077 sending message 112 to peer 0x7fc178830000 (12 bytes)
1733938298.799082 sending message 112 to peer 0x7fc178830000 (12 bytes)
1733938298.799088 sending message 112 to peer 0x7fc178830000 (12 bytes)
1733938298.799094 sending message 112 to peer 0x7fc178830000 (12 bytes)
1733938298.799099 sending message 112 to peer 0x7fc178830000 (11 bytes)
1733938298.799105 sending message 112 to peer 0x7fc178830000 (11 bytes)
1733938298.799111 sending message 112 to peer 0x7fc178830000 (12 bytes)
1733938298.799116 sending message 112 to peer 0x7fc178830000 (12 bytes)
1733938298.799122 sending message 112 to peer 0x7fc178830000 (12 bytes)
1733938298.799127 sending message 112 to peer 0x7fc178830000 (12 bytes)
1733938298.799133 sending message 112 to peer 0x7fc178830000 (12 bytes)
1733938298.799138 sending message 112 to peer 0x7fc178830000 (9 bytes)
1733938298.799144 sending message 112 to peer 0x7fc178830000 (12 bytes)
1733938298.799149 sending message 112 to peer 0x7fc178830000 (13 bytes)
1733938298.799155 sending message 112 to peer 0x7fc178830000 (13 bytes)
1733938298.799160 sending message 112 to peer 0x7fc178830000 (13 bytes)
1733938298.799166 sending message 112 to peer 0x7fc178830000 (13 bytes)
1733938298.799172 sending message 112 to peer 0x7fc178830000 (13 bytes)
1733938298.799177 sending message 112 to peer 0x7fc178830000 (8 bytes)
1733938298.799183 sending message 112 to peer 0x7fc178830000 (11 bytes)
1733938298.799189 sending message 112 to peer 0x7fc178830000 (11 bytes)
1733938298.799194 sending message 112 to peer 0x7fc178830000 (11 bytes)
1733938298.799200 sending message 112 to peer 0x7fc178830000 (12 bytes)
1733938298.799206 sending message 112 to peer 0x7fc178830000 (12 bytes)
1733938298.799211 sending message 112 to peer 0x7fc178830000 (12 bytes)
1733938298.799217 sending message 112 to peer 0x7fc178830000 (12 bytes)
1733938298.799222 sending message 112 to peer 0x7fc178830000 (13 bytes)
1733938298.799228 sending message 112 to peer 0x7fc178830000 (13 bytes)
1733938298.799233 sending message 112 to peer 0x7fc178830000 (13 bytes)
1733938298.799239 sending message 112 to peer 0x7fc178830000 (8 bytes)
1733938298.799245 sending message 112 to peer 0x7fc178830000 (13 bytes)
1733938298.799250 sending message 112 to peer 0x7fc178830000 (13 bytes)
1733938298.799256 sending message 112 to peer 0x7fc178830000 (13 bytes)
1733938298.799261 sending message 112 to peer 0x7fc178830000 (13 bytes)
1733938298.799267 sending message 112 to peer 0x7fc178830000 (13 bytes)
1733938298.799272 sending message 112 to peer 0x7fc178830000 (12 bytes)
1733938298.799278 sending message 112 to peer 0x7fc178830000 (12 bytes)
1733938298.799284 sending message 112 to peer 0x7fc178830000 (12 bytes)
1733938298.799289 sending message 112 to peer 0x7fc178830000 (12 bytes)
1733938298.799294 sending message 112 to peer 0x7fc178830000 (13 bytes)
1733938298.799300 sending message 112 to peer 0x7fc178830000 (8 bytes)
1733938298.799305 sending message 112 to peer 0x7fc178830000 (13 bytes)
1733938298.799311 sending message 112 to peer 0x7fc178830000 (13 bytes)
1733938298.799317 sending message 112 to peer 0x7fc178830000 (13 bytes)
1733938298.799322 sending message 112 to peer 0x7fc178830000 (13 bytes)
1733938298.799328 sending message 112 to peer 0x7fc178830000 (13 bytes)
1733938298.799333 sending message 112 to peer 0x7fc178830000 (13 bytes)
1733938298.799339 sending message 112 to peer 0x7fc178830000 (13 bytes)
1733938298.799344 sending message 112 to peer 0x7fc178830000 (12 bytes)
1733938298.799405 sending message 112 to peer 0x7fc178830000 (12 bytes)
1733938298.799416 sending message 112 to peer 0x7fc178830000 (12 bytes)
1733938298.799423 sending message 112 to peer 0x7fc178830000 (8 bytes)
1733938298.799429 sending message 112 to peer 0x7fc178830000 (12 bytes)
1733938298.799452 sending message 112 to peer 0x7fc178830000 (13 bytes)
1733938298.799459 sending message 112 to peer 0x7fc178830000 (13 bytes)
1733938298.799464 sending message 112 to peer 0x7fc178830000 (13 bytes)
1733938298.799470 sending message 112 to peer 0x7fc178830000 (13 bytes)
1733938298.799475 sending message 112 to peer 0x7fc178830000 (13 bytes)
1733938298.799481 sending message 112 to peer 0x7fc178830000 (13 bytes)
1733938298.799487 sending message 112 to peer 0x7fc178830000 (13 bytes)
1733938298.799492 sending message 112 to peer 0x7fc178830000 (13 bytes)
1733938298.799498 sending message 112 to peer 0x7fc178830000 (12 bytes)
1733938298.799504 sending message 112 to peer 0x7fc178830000 (10 bytes)
1733938298.799510 sending message 112 to peer 0x7fc178830000 (12 bytes)
1733938298.799515 sending message 112 to peer 0x7fc178830000 (12 bytes)
1733938298.799521 sending message 112 to peer 0x7fc178830000 (12 bytes)
1733938298.799527 sending message 112 to peer 0x7fc178830000 (13 bytes)
1733938298.799533 sending message 112 to peer 0x7fc178830000 (13 bytes)
1733938298.799538 sending message 112 to peer 0x7fc178830000 (13 bytes)
1733938298.799544 sending message 112 to peer 0x7fc178830000 (13 bytes)
1733938298.799550 sending message 112 to peer 0x7fc178830000 (13 bytes)
1733938298.799555 sending message 112 to peer 0x7fc178830000 (13 bytes)
1733938298.799561 sending message 112 to peer 0x7fc178830000 (13 bytes)
1733938298.799567 sending message 112 to peer 0x7fc178830000 (10 bytes)
1733938298.799572 sending message 112 to peer 0x7fc178830000 (13 bytes)
1733938298.799578 sending message 112 to peer 0x7fc178830000 (12 bytes)
1733938298.799583 sending message 112 to peer 0x7fc178830000 (12 bytes)
1733938298.799589 sending message 112 to peer 0x7fc178830000 (12 bytes)
1733938298.799602 sending message 112 to peer 0x7fc178830000 (10 bytes)
1733938298.799611 sending message 112 to peer 0x7fc178830000 (10 bytes)
1733938298.799617 sending message 112 to peer 0x7fc178830000 (10 bytes)
1733938298.799623 sending message 112 to peer 0x7fc178830000 (12 bytes)
1733938298.799629 sending message 112 to peer 0x7fc178830000 (13 bytes)
1733938298.799635 sending message 112 to peer 0x7fc178830000 (13 bytes)
1733938298.799641 sending message 112 to peer 0x7fc178830000 (13 bytes)
1733938298.799647 sending message 112 to peer 0x7fc178830000 (13 bytes)
1733938298.799653 sending message 112 to peer 0x7fc178830000 (13 bytes)
1733938298.799659 sending message 112 to peer 0x7fc178830000 (10 bytes)
1733938298.799664 sending message 112 to peer 0x7fc178830000 (11 bytes)
1733938298.799670 sending message 112 to peer 0x7fc178830000 (12 bytes)
1733938298.799676 sending message 112 to peer 0x7fc178830000 (12 bytes)
1733938298.799682 sending message 112 to peer 0x7fc178830000 (12 bytes)
1733938298.799689 sending message 112 to peer 0x7fc178830000 (12 bytes)
1733938298.799696 sending message 112 to peer 0x7fc178830000 (12 bytes)
1733938298.799704 sending message 112 to peer 0x7fc178830000 (11 bytes)
1733938298.799710 sending message 112 to peer 0x7fc178830000 (12 bytes)
1733938298.799719 sending message 112 to peer 0x7fc178830000 (12 bytes)
1733938298.799730 sending message 112 to peer 0x7fc178830000 (13 bytes)
1733938298.799740 sending message 112 to peer 0x7fc178830000 (13 bytes)
1733938298.799752 sending message 112 to peer 0x7fc178830000 (13 bytes)
1733938298.799763 sending message 112 to peer 0x7fc178830000 (13 bytes)
1733938298.799773 sending message 112 to peer 0x7fc178830000 (13 bytes)
1733938298.799780 sending message 112 to peer 0x7fc178830000 (10 bytes)
1733938298.799789 sending message 112 to peer 0x7fc178830000 (9 bytes)
1733938298.799803 sending message 112 to peer 0x7fc178830000 (12 bytes)
1733938298.799826 sending message 112 to peer 0x7fc178830000 (13 bytes)
1733938298.799848 sending message 112 to peer 0x7fc178830000 (13 bytes)
1733938298.799869 sending message 112 to peer 0x7fc178830000 (13 bytes)
1733938298.799888 sending message 112 to peer 0x7fc178830000 (13 bytes)
1733938298.799912 sending message 112 to peer 0x7fc178830000 (13 bytes)
1733938298.800185 sending message 112 to peer 0x7fc178830000 (9 bytes)
1733938298.800344 sending message 112 to peer 0x7fc178830000 (12 bytes)
1733938298.800372 sending message 112 to peer 0x7fc178830000 (13 bytes)
1733938298.800385 sending message 112 to peer 0x7fc178830000 (13 bytes)
1733938298.800400 sending message 112 to peer 0x7fc178830000 (13 bytes)
1733938298.800414 sending message 112 to peer 0x7fc178830000 (13 bytes)
1733938298.800426 sending message 112 to peer 0x7fc178830000 (13 bytes)
1733938298.800442 sending message 112 to peer 0x7fc178830000 (11 bytes)
1733938298.800461 sending message 112 to peer 0x7fc178830000 (12 bytes)
1733938298.800477 sending message 112 to peer 0x7fc178830000 (13 bytes)
1733938298.800495 sending message 112 to peer 0x7fc178830000 (13 bytes)
1733938298.800512 sending message 112 to peer 0x7fc178830000 (13 bytes)
1733938298.800529 sending message 112 to peer 0x7fc178830000 (13 bytes)
1733938298.800545 sending message 112 to peer 0x7fc178830000 (13 bytes)
1733938298.800569 sending message 112 to peer 0x7fc178830000 (11 bytes)
1733938298.800590 sending message 112 to peer 0x7fc178830000 (12 bytes)
1733938298.800627 sending message 112 to peer 0x7fc178830000 (12 bytes)
1733938298.800666 sending message 112 to peer 0x7fc178830000 (12 bytes)
1733938298.800699 sending message 112 to peer 0x7fc178830000 (12 bytes)
1733938298.800731 sending message 112 to peer 0x7fc178830000 (12 bytes)
1733938298.800765 sending message 112 to peer 0x7fc178830000 (21 bytes)
1733938298.800837 sending message 112 to peer 0x7fc178830000 (12 bytes)
1733938298.800900 sending message 112 to peer 0x7fc178830000 (9 bytes)
1733938298.800944 sending message 112 to peer 0x7fc178830000 (6 bytes)
1733938298.800974 sending message 112 to peer 0x7fc178830000 (13 bytes)
1733938298.801000 sending message 112 to peer 0x7fc178830000 (10 bytes)
1733938298.801029 sending message 112 to peer 0x7fc178830000 (15 bytes)
1733938298.801056 sending message 112 to peer 0x7fc178830000 (13 bytes)
1733938298.801083 sending message 112 to peer 0x7fc178830000 (9 bytes)
1733938298.801123 sending message 112 to peer 0x7fc178830000 (70 bytes)
1733938298.801187 sending message 112 to peer 0x7fc178830000 (69 bytes)
1733938298.801240 sending message 112 to peer 0x7fc178830000 (73 bytes)
1733938298.801285 sending message 112 to peer 0x7fc178830000 (12 bytes)
1733938298.801319 sending message 112 to peer 0x7fc178830000 (10 bytes)
1733938298.801342 sending message 112 to peer 0x7fc178830000 (10 bytes)
1733938298.801367 sending message 112 to peer 0x7fc178830000 (15 bytes)
1733938298.801389 sending message 112 to peer 0x7fc178830000 (13 bytes)
1733938298.801408 sending message 112 to peer 0x7fc178830000 (10 bytes)
1733938298.801422 sending message 112 to peer 0x7fc178830000 (10 bytes)
1733938298.801442 sending message 112 to peer 0x7fc178830000 (17 bytes)
1733938298.801463 sending message 112 to peer 0x7fc178830000 (13 bytes)
1733938298.801484 sending message 112 to peer 0x7fc178830000 (15 bytes)
1733938298.801506 sending message 112 to peer 0x7fc178830000 (5 bytes)
1733938298.801542 sending message 104 to peer 0x7fc178830000 (0 bytes)
1733938298.801602 sending message 110 to peer 0x7fc178830000 (0 bytes)
1733938298.801640 sending message 107 to peer 0x7fc178830000 (4 bytes)
1733938298.801671 sending message 105 to peer 0x7fc178830000 (60 bytes)
1733938298.801712 sending message 105 to peer 0x7fc178830000 (66 bytes)
1733938298.801735 sending message 105 to peer 0x7fc178830000 (27 bytes)
1733938298.801753 sending message 105 to peer 0x7fc178830000 (15 bytes)
1733938298.801767 sending message 105 to peer 0x7fc178830000 (22 bytes)
1733938298.801785 sending message 105 to peer 0x7fc178830000 (14 bytes)
1733938298.801807 sending message 105 to peer 0x7fc178830000 (17 bytes)
1733938298.801826 sending message 105 to peer 0x7fc178830000 (22 bytes)
1733938298.801841 sending message 105 to peer 0x7fc178830000 (15 bytes)
1733938298.801861 sending message 105 to peer 0x7fc178830000 (43 bytes)
1733938298.801884 sending message 105 to peer 0x7fc178830000 (42 bytes)
1733938298.802004 sending message 105 to peer 0x7fc178830000 (28 bytes)
1733938298.802041 sending message 105 to peer 0x7fc178830000 (23 bytes)
1733938298.802063 sending message 105 to peer 0x7fc178830000 (610 bytes)
1733938298.802174 sending message 105 to peer 0x7fc178830000 (19 bytes)
1733938298.802226 sending message 105 to peer 0x7fc178830000 (20 bytes)
1733938298.802245 sending message 105 to peer 0x7fc178830000 (22 bytes)
1733938298.802259 sending message 105 to peer 0x7fc178830000 (20 bytes)
1733938298.802273 sending message 105 to peer 0x7fc178830000 (86 bytes)
1733938298.802297 sending message 105 to peer 0x7fc178830000 (18 bytes)
1733938298.802313 sending message 105 to peer 0x7fc178830000 (57 bytes)
1733938298.802327 sending message 105 to peer 0x7fc178830000 (11 bytes)
1733938298.802344 sending message 105 to peer 0x7fc178830000 (19 bytes)
1733938298.802356 sending message 105 to peer 0x7fc178830000 (14 bytes)
1733938298.802368 sending message 105 to peer 0x7fc178830000 (61 bytes)
1733938298.802383 sending message 105 to peer 0x7fc178830000 (32 bytes)
1733938298.802397 sending message 105 to peer 0x7fc178830000 (8 bytes)
1733938298.802408 sending message 105 to peer 0x7fc178830000 (25 bytes)
1733938298.802423 sending message 105 to peer 0x7fc178830000 (16 bytes)
1733938298.802434 sending message 105 to peer 0x7fc178830000 (28 bytes)
1733938298.802449 sending message 105 to peer 0x7fc178830000 (11 bytes)
1733938298.802462 sending message 105 to peer 0x7fc178830000 (8 bytes)
1733938298.802479 sending message 105 to peer 0x7fc178830000 (32 bytes)
1733938298.802492 sending message 105 to peer 0x7fc178830000 (96 bytes)
1733938298.802506 sending message 105 to peer 0x7fc178830000 (26 bytes)
1733938298.802521 sending message 105 to peer 0x7fc178830000 (16 bytes)
1733938298.802539 sending message 105 to peer 0x7fc178830000 (52 bytes)
1733938298.802564 sending message 105 to peer 0x7fc178830000 (61 bytes)
1733938298.802593 sending message 105 to peer 0x7fc178830000 (22 bytes)
1733938298.802615 sending message 106 to peer 0x7fc178830000 (0 bytes)
1733938298.803405 sending message 200 to peer 0x7fc178830000 (4 bytes)
1733938298.803528 client loop enter
1733938298.810599 peer 0x7fc178830000 message 207
1733938298.810676 sending message 208 to peer 0x7fc178830000 (0 bytes)
1733938303.044221 peer 0x7fc178830000 message 203
1733938303.044254 sending message 205 to peer 0x7fc178830000 (0 bytes)
1733938303.044519 peer 0x7fc178830000 message 204
1733938303.044545 client loop exit
